\BOOKMARK [1][-]{section.1}{Introduction}{}% 1
\BOOKMARK [2][-]{subsection.1.1}{Data}{section.1}% 2
\BOOKMARK [1][-]{section.2}{Theory}{}% 3
\BOOKMARK [2][-]{subsection.2.1}{Recurrent Neural Network \(RNN\)}{section.2}% 4
\BOOKMARK [2][-]{subsection.2.2}{Long-Short Term Memory Networks \(LSTM\)}{section.2}% 5
\BOOKMARK [2][-]{subsection.2.3}{Bi-Directional LSTM}{section.2}% 6
\BOOKMARK [2][-]{subsection.2.4}{Lemmatization}{section.2}% 7
\BOOKMARK [2][-]{subsection.2.5}{STOP Words}{section.2}% 8
\BOOKMARK [2][-]{subsection.2.6}{Contractions}{section.2}% 9
\BOOKMARK [2][-]{subsection.2.7}{Word Embeddings}{section.2}% 10
\BOOKMARK [2][-]{subsection.2.8}{Class Imbalance}{section.2}% 11
\BOOKMARK [2][-]{subsection.2.9}{Performance Measures}{section.2}% 12
\BOOKMARK [1][-]{section.3}{Previous Work}{}% 13
\BOOKMARK [2][-]{subsection.3.1}{Model Architecture}{section.3}% 14
\BOOKMARK [2][-]{subsection.3.2}{Observations}{section.3}% 15
\BOOKMARK [1][-]{section.4}{Proposed Work}{}% 16
\BOOKMARK [2][-]{subsection.4.1}{Pre-Processing}{section.4}% 17
\BOOKMARK [2][-]{subsection.4.2}{Model Architecture}{section.4}% 18
\BOOKMARK [2][-]{subsection.4.3}{Finetuning the parameters}{section.4}% 19
\BOOKMARK [1][-]{section.5}{Results and Future Work}{}% 20
